1491871447829	geckodriver	INFO	Listening on 127.0.0.1:9382
1491871451654	mozprofile::profile	INFO	Using profile path C:\Users\rjtba\AppData\Local\Temp\rust_mozprofile.adBceWJnOHLy
1491871451998	geckodriver::marionette	INFO	Starting browser C:\Program Files (x86)\Mozilla Firefox\firefox.exe with args []
1491871452170	geckodriver::marionette	INFO	Connecting to Marionette on localhost:9388
1491871453371	addons.manager	DEBUG	Application has been upgraded
1491871453688	addons.manager	DEBUG	Loaded provider scope for resource://gre/modules/addons/XPIProvider.jsm: ["XPIProvider"]
1491871453691	addons.manager	DEBUG	Loaded provider scope for resource://gre/modules/LightweightThemeManager.jsm: ["LightweightThemeManager"]
1491871453695	addons.manager	DEBUG	Loaded provider scope for resource://gre/modules/addons/GMPProvider.jsm
1491871453697	addons.manager	DEBUG	Loaded provider scope for resource://gre/modules/addons/PluginProvider.jsm
1491871453697	addons.manager	DEBUG	Starting provider: XPIProvider
1491871453698	addons.xpi	DEBUG	startup
1491871453698	addons.xpi	INFO	SystemAddonInstallLocation directory is missing
1491871453699	addons.xpi	INFO	Mapping aushelper@mozilla.org to C:\Program Files (x86)\Mozilla Firefox\browser\features\aushelper@mozilla.org.xpi
1491871453699	addons.xpi	INFO	Mapping deployment-checker@mozilla.org to C:\Program Files (x86)\Mozilla Firefox\browser\features\deployment-checker@mozilla.org.xpi
1491871453699	addons.xpi	INFO	Mapping e10srollout@mozilla.org to C:\Program Files (x86)\Mozilla Firefox\browser\features\e10srollout@mozilla.org.xpi
1491871453700	addons.xpi	INFO	Mapping firefox@getpocket.com to C:\Program Files (x86)\Mozilla Firefox\browser\features\firefox@getpocket.com.xpi
1491871453700	addons.xpi	INFO	Mapping webcompat@mozilla.org to C:\Program Files (x86)\Mozilla Firefox\browser\features\webcompat@mozilla.org.xpi
1491871453700	addons.xpi	INFO	Mapping {972ce4c6-7e08-4474-a285-3208198ce6fd} to C:\Program Files (x86)\Mozilla Firefox\browser\extensions\{972ce4c6-7e08-4474-a285-3208198ce6fd}.xpi
1491871453701	addons.xpi	DEBUG	checkForChanges
1491871453701	addons.xpi	INFO	SystemAddonInstallLocation directory is missing
1491871453702	addons.xpi	DEBUG	Loaded add-on state from prefs: {}
1491871453703	addons.xpi	DEBUG	New add-on aushelper@mozilla.org in app-system-defaults
1491871453704	addons.xpi	DEBUG	getModTime: Recursive scan of aushelper@mozilla.org
1491871453705	addons.xpi	DEBUG	New add-on deployment-checker@mozilla.org in app-system-defaults
1491871453705	addons.xpi	DEBUG	getModTime: Recursive scan of deployment-checker@mozilla.org
1491871453705	addons.xpi	DEBUG	New add-on e10srollout@mozilla.org in app-system-defaults
1491871453706	addons.xpi	DEBUG	getModTime: Recursive scan of e10srollout@mozilla.org
1491871453706	addons.xpi	DEBUG	New add-on firefox@getpocket.com in app-system-defaults
1491871453706	addons.xpi	DEBUG	getModTime: Recursive scan of firefox@getpocket.com
1491871453707	addons.xpi	DEBUG	New add-on webcompat@mozilla.org in app-system-defaults
1491871453707	addons.xpi	DEBUG	getModTime: Recursive scan of webcompat@mozilla.org
1491871453708	addons.xpi	DEBUG	New add-on {972ce4c6-7e08-4474-a285-3208198ce6fd} in app-global
1491871453708	addons.xpi	DEBUG	getModTime: Recursive scan of {972ce4c6-7e08-4474-a285-3208198ce6fd}
1491871453708	addons.xpi	DEBUG	getInstallState changed: true, state: {"app-system-defaults":{"aushelper@mozilla.org":{"d":"C:\\Program Files (x86)\\Mozilla Firefox\\browser\\features\\aushelper@mozilla.org.xpi","st":1490296975000},"deployment-checker@mozilla.org":{"d":"C:\\Program Files (x86)\\Mozilla Firefox\\browser\\features\\deployment-checker@mozilla.org.xpi","st":1490296975000},"e10srollout@mozilla.org":{"d":"C:\\Program Files (x86)\\Mozilla Firefox\\browser\\features\\e10srollout@mozilla.org.xpi","st":1490296975000},"firefox@getpocket.com":{"d":"C:\\Program Files (x86)\\Mozilla Firefox\\browser\\features\\firefox@getpocket.com.xpi","st":1490296976000},"webcompat@mozilla.org":{"d":"C:\\Program Files (x86)\\Mozilla Firefox\\browser\\features\\webcompat@mozilla.org.xpi","st":1490296975000}},"app-global":{"{972ce4c6-7e08-4474-a285-3208198ce6fd}":{"d":"C:\\Program Files (x86)\\Mozilla Firefox\\browser\\extensions\\{972ce4c6-7e08-4474-a285-3208198ce6fd}.xpi","st":1490296975000}}}
1491871453716	addons.xpi-utils	DEBUG	Opening XPI database C:\Users\rjtba\AppData\Local\Temp\rust_mozprofile.adBceWJnOHLy\extensions.json
1491871453718	addons.xpi-utils	DEBUG	New add-on aushelper@mozilla.org installed in app-system-defaults
*** Blocklist::_loadBlocklistFromFile: blocklist is disabled
1491871453730	DeferredSave.extensions.json	DEBUG	Save changes
1491871453730	addons.xpi-utils	DEBUG	New add-on deployment-checker@mozilla.org installed in app-system-defaults
1491871453734	DeferredSave.extensions.json	DEBUG	Starting timer
1491871453737	DeferredSave.extensions.json	DEBUG	Save changes
1491871453737	addons.xpi-utils	DEBUG	New add-on e10srollout@mozilla.org installed in app-system-defaults
1491871453742	DeferredSave.extensions.json	DEBUG	Save changes
1491871453742	addons.xpi-utils	DEBUG	New add-on firefox@getpocket.com installed in app-system-defaults
1491871453747	DeferredSave.extensions.json	DEBUG	Save changes
1491871453748	addons.xpi-utils	DEBUG	New add-on webcompat@mozilla.org installed in app-system-defaults
1491871453753	DeferredSave.extensions.json	DEBUG	Save changes
1491871453753	addons.xpi-utils	DEBUG	New add-on {972ce4c6-7e08-4474-a285-3208198ce6fd} installed in app-global
1491871453757	DeferredSave.extensions.json	DEBUG	Save changes
1491871453758	addons.manager	DEBUG	Registering startup change 'installed' for aushelper@mozilla.org
1491871453766	addons.xpi	DEBUG	Loading bootstrap scope from C:\Program Files (x86)\Mozilla Firefox\browser\features\aushelper@mozilla.org.xpi
1491871453771	addons.xpi	DEBUG	Calling bootstrap method install on aushelper@mozilla.org version 2.0
1491871453771	addons.xpi-utils	DEBUG	Make addon app-system-defaults:aushelper@mozilla.org visible
1491871453771	DeferredSave.extensions.json	DEBUG	Save changes
1491871453771	addons.manager	DEBUG	Registering startup change 'installed' for deployment-checker@mozilla.org
1491871453772	addons.xpi	DEBUG	Loading bootstrap scope from C:\Program Files (x86)\Mozilla Firefox\browser\features\deployment-checker@mozilla.org.xpi
1491871453777	addons.xpi	DEBUG	Calling bootstrap method install on deployment-checker@mozilla.org version 1.0
1491871454704	addons.xpi-utils	DEBUG	Make addon app-system-defaults:deployment-checker@mozilla.org visible
1491871454705	DeferredSave.extensions.json	DEBUG	Save changes
1491871454705	addons.manager	DEBUG	Registering startup change 'installed' for e10srollout@mozilla.org
1491871454705	addons.xpi	DEBUG	Loading bootstrap scope from C:\Program Files (x86)\Mozilla Firefox\browser\features\e10srollout@mozilla.org.xpi
1491871454709	addons.xpi	DEBUG	Calling bootstrap method install on e10srollout@mozilla.org version 1.9
1491871454711	addons.xpi-utils	DEBUG	Make addon app-system-defaults:e10srollout@mozilla.org visible
1491871454711	DeferredSave.extensions.json	DEBUG	Save changes
1491871454712	addons.manager	DEBUG	Registering startup change 'installed' for firefox@getpocket.com
1491871454712	addons.xpi	DEBUG	Loading bootstrap scope from C:\Program Files (x86)\Mozilla Firefox\browser\features\firefox@getpocket.com.xpi
1491871454717	addons.xpi	DEBUG	Calling bootstrap method install on firefox@getpocket.com version 1.0.5
1491871454717	addons.xpi-utils	DEBUG	Make addon app-system-defaults:firefox@getpocket.com visible
1491871454718	DeferredSave.extensions.json	DEBUG	Save changes
1491871454718	addons.manager	DEBUG	Registering startup change 'installed' for webcompat@mozilla.org
1491871454719	addons.xpi	DEBUG	Loading bootstrap scope from C:\Program Files (x86)\Mozilla Firefox\browser\features\webcompat@mozilla.org.xpi
1491871454721	addons.xpi	DEBUG	Calling bootstrap method install on webcompat@mozilla.org version 1.0
1491871454721	addons.xpi-utils	DEBUG	Make addon app-system-defaults:webcompat@mozilla.org visible
1491871454722	DeferredSave.extensions.json	DEBUG	Save changes
1491871454722	addons.xpi-utils	DEBUG	Make addon app-global:{972ce4c6-7e08-4474-a285-3208198ce6fd} visible
1491871454722	DeferredSave.extensions.json	DEBUG	Save changes
1491871454723	addons.xpi	DEBUG	Updating XPIState for {"id":"aushelper@mozilla.org","syncGUID":"{cad48b18-c0f6-4af6-a3c8-80b0cd878112}","location":"app-system-defaults","version":"2.0","type":"extension","internalName":null,"updateURL":null,"updateKey":null,"optionsURL":null,"optionsType":null,"aboutURL":null,"icons":{},"iconURL":null,"icon64URL":null,"defaultLocale":{"name":"Application Update Service Helper","description":"Sets value(s) in the update url based on custom checks.","creator":null,"homepageURL":null},"visible":true,"active":true,"userDisabled":false,"appDisabled":false,"descriptor":"C:\\Program Files (x86)\\Mozilla Firefox\\browser\\features\\aushelper@mozilla.org.xpi","installDate":1490296975000,"updateDate":1490296975000,"applyBackgroundUpdates":1,"bootstrap":true,"skinnable":false,"size":8488,"sourceURI":null,"releaseNotesURI":null,"softDisabled":false,"foreignInstall":false,"hasBinaryComponents":false,"strictCompatibility":false,"locales":[],"targetApplications":[{"id":"{ec8030f7-c20a-464f-9b0e-13a3a9e97384}","minVersion":"52.0.2","maxVersion":"52.*"}],"targetPlatforms":[],"multiprocessCompatible":true,"seen":true,"dependencies":[],"hasEmbeddedWebExtension":false,"mpcOptedOut":false}
1491871454723	addons.xpi	DEBUG	getModTime: Recursive scan of aushelper@mozilla.org
1491871454723	addons.xpi	DEBUG	Updating XPIState for {"id":"deployment-checker@mozilla.org","syncGUID":"{cbe37492-8679-42af-904e-09f2c95f5b6b}","location":"app-system-defaults","version":"1.0","type":"extension","internalName":null,"updateURL":null,"updateKey":null,"optionsURL":null,"optionsType":null,"aboutURL":null,"icons":{},"iconURL":null,"icon64URL":null,"defaultLocale":{"name":"Site Deployment Checker","description":"Check that Users Encounter Mozilla Sites as Deployed by Mozilla","creator":null,"homepageURL":null},"visible":true,"active":true,"userDisabled":false,"appDisabled":false,"descriptor":"C:\\Program Files (x86)\\Mozilla Firefox\\browser\\features\\deployment-checker@mozilla.org.xpi","installDate":1490296975000,"updateDate":1490296975000,"applyBackgroundUpdates":1,"bootstrap":true,"skinnable":false,"size":11555,"sourceURI":null,"releaseNotesURI":null,"softDisabled":false,"foreignInstall":false,"hasBinaryComponents":false,"strictCompatibility":false,"locales":[],"targetApplications":[{"id":"{ec8030f7-c20a-464f-9b0e-13a3a9e97384}","minVersion":"52.0.2","maxVersion":"52.*"}],"targetPlatforms":[],"multiprocessCompatible":true,"seen":true,"dependencies":[],"hasEmbeddedWebExtension":false,"mpcOptedOut":false}
1491871454724	addons.xpi	DEBUG	getModTime: Recursive scan of deployment-checker@mozilla.org
1491871454724	addons.xpi	DEBUG	Updating XPIState for {"id":"e10srollout@mozilla.org","syncGUID":"{b169ea4e-bbd4-4200-8669-4c3f2064754c}","location":"app-system-defaults","version":"1.9","type":"extension","internalName":null,"updateURL":null,"updateKey":null,"optionsURL":null,"optionsType":null,"aboutURL":null,"icons":{},"iconURL":null,"icon64URL":null,"defaultLocale":{"name":"Multi-process staged rollout","description":"Staged rollout of Firefox multi-process feature.","creator":null,"homepageURL":null},"visible":true,"active":true,"userDisabled":false,"appDisabled":false,"descriptor":"C:\\Program Files (x86)\\Mozilla Firefox\\browser\\features\\e10srollout@mozilla.org.xpi","installDate":1490296975000,"updateDate":1490296975000,"applyBackgroundUpdates":1,"bootstrap":true,"skinnable":false,"size":7183,"sourceURI":null,"releaseNotesURI":null,"softDisabled":false,"foreignInstall":false,"hasBinaryComponents":false,"strictCompatibility":false,"locales":[],"targetApplications":[{"id":"{ec8030f7-c20a-464f-9b0e-13a3a9e97384}","minVersion":"52.0.2","maxVersion":"52.*"}],"targetPlatforms":[],"multiprocessCompatible":true,"seen":true,"dependencies":[],"hasEmbeddedWebExtension":false,"mpcOptedOut":false}
1491871454724	addons.xpi	DEBUG	getModTime: Recursive scan of e10srollout@mozilla.org
1491871454724	addons.xpi	DEBUG	Updating XPIState for {"id":"firefox@getpocket.com","syncGUID":"{25482ab8-d403-4498-8d0e-21ffb71ca241}","location":"app-system-defaults","version":"1.0.5","type":"extension","internalName":null,"updateURL":null,"updateKey":null,"optionsURL":null,"optionsType":null,"aboutURL":null,"icons":{},"iconURL":null,"icon64URL":null,"defaultLocale":{"name":"Pocket","description":"When you find something you want to view later, put it in Pocket.","creator":null,"homepageURL":null},"visible":true,"active":true,"userDisabled":false,"appDisabled":false,"descriptor":"C:\\Program Files (x86)\\Mozilla Firefox\\browser\\features\\firefox@getpocket.com.xpi","installDate":1490296976000,"updateDate":1490296976000,"applyBackgroundUpdates":1,"bootstrap":true,"skinnable":false,"size":920281,"sourceURI":null,"releaseNotesURI":null,"softDisabled":false,"foreignInstall":false,"hasBinaryComponents":false,"strictCompatibility":false,"locales":[],"targetApplications":[{"id":"{ec8030f7-c20a-464f-9b0e-13a3a9e97384}","minVersion":"52.0.2","maxVersion":"52.*"}],"targetPlatforms":[],"multiprocessCompatible":true,"seen":true,"dependencies":[],"hasEmbeddedWebExtension":false,"mpcOptedOut":false}
1491871454725	addons.xpi	DEBUG	getModTime: Recursive scan of firefox@getpocket.com
1491871454725	addons.xpi	DEBUG	Updating XPIState for {"id":"webcompat@mozilla.org","syncGUID":"{fe623f53-0e3e-48db-8852-d49f268bb1a4}","location":"app-system-defaults","version":"1.0","type":"extension","internalName":null,"updateURL":null,"updateKey":null,"optionsURL":null,"optionsType":null,"aboutURL":null,"icons":{},"iconURL":null,"icon64URL":null,"defaultLocale":{"name":"Web Compat","description":"Urgent post-release fixes for web compatibility.","creator":null,"homepageURL":null},"visible":true,"active":true,"userDisabled":false,"appDisabled":false,"descriptor":"C:\\Program Files (x86)\\Mozilla Firefox\\browser\\features\\webcompat@mozilla.org.xpi","installDate":1490296975000,"updateDate":1490296975000,"applyBackgroundUpdates":1,"bootstrap":true,"skinnable":false,"size":1456,"sourceURI":null,"releaseNotesURI":null,"softDisabled":false,"foreignInstall":false,"hasBinaryComponents":false,"strictCompatibility":false,"locales":[],"targetApplications":[{"id":"{ec8030f7-c20a-464f-9b0e-13a3a9e97384}","minVersion":"52.0.2","maxVersion":"52.*"}],"targetPlatforms":[],"multiprocessCompatible":true,"seen":true,"dependencies":[],"hasEmbeddedWebExtension":false,"mpcOptedOut":false}
1491871454725	addons.xpi	DEBUG	getModTime: Recursive scan of webcompat@mozilla.org
1491871454726	addons.xpi	DEBUG	Updating XPIState for {"id":"{972ce4c6-7e08-4474-a285-3208198ce6fd}","syncGUID":"{43014530-1551-4e66-abc0-0f71a6a15917}","location":"app-global","version":"52.0.2","type":"theme","internalName":"classic/1.0","updateURL":null,"updateKey":null,"optionsURL":null,"optionsType":null,"aboutURL":null,"icons":{"32":"icon.png","48":"icon.png"},"iconURL":null,"icon64URL":null,"defaultLocale":{"name":"Default","description":"The default theme.","creator":"Mozilla","homepageURL":null,"contributors":["Mozilla Contributors"]},"visible":true,"active":true,"userDisabled":false,"appDisabled":false,"descriptor":"C:\\Program Files (x86)\\Mozilla Firefox\\browser\\extensions\\{972ce4c6-7e08-4474-a285-3208198ce6fd}.xpi","installDate":1490296975000,"updateDate":1490296975000,"applyBackgroundUpdates":1,"skinnable":true,"size":19587,"sourceURI":null,"releaseNotesURI":null,"softDisabled":false,"foreignInstall":false,"hasBinaryComponents":false,"strictCompatibility":true,"locales":[],"targetApplications":[{"id":"{ec8030f7-c20a-464f-9b0e-13a3a9e97384}","minVersion":"52.0.2","maxVersion":"52.0.2"}],"targetPlatforms":[],"seen":true,"dependencies":[],"hasEmbeddedWebExtension":false}
1491871454726	addons.xpi	DEBUG	getModTime: Recursive scan of {972ce4c6-7e08-4474-a285-3208198ce6fd}
1491871454727	DeferredSave.extensions.json	DEBUG	Save changes
1491871454727	addons.xpi	DEBUG	Updating database with changes to installed add-ons
1491871454727	addons.xpi-utils	DEBUG	Updating add-on states
1491871454728	addons.xpi-utils	DEBUG	Writing add-ons list
1491871454731	addons.xpi	DEBUG	Registering manifest for C:\Program Files (x86)\Mozilla Firefox\browser\features\aushelper@mozilla.org.xpi
1491871454731	addons.xpi	DEBUG	Calling bootstrap method startup on aushelper@mozilla.org version 2.0
1491871454733	addons.xpi	DEBUG	Registering manifest for C:\Program Files (x86)\Mozilla Firefox\browser\features\deployment-checker@mozilla.org.xpi
1491871454733	addons.xpi	DEBUG	Calling bootstrap method startup on deployment-checker@mozilla.org version 1.0
1491871454734	addons.xpi	DEBUG	Registering manifest for C:\Program Files (x86)\Mozilla Firefox\browser\features\e10srollout@mozilla.org.xpi
1491871454734	addons.xpi	DEBUG	Calling bootstrap method startup on e10srollout@mozilla.org version 1.9
1491871454735	addons.xpi	DEBUG	Registering manifest for C:\Program Files (x86)\Mozilla Firefox\browser\features\firefox@getpocket.com.xpi
1491871454735	addons.xpi	DEBUG	Calling bootstrap method startup on firefox@getpocket.com version 1.0.5
1491871454736	addons.xpi	DEBUG	Registering manifest for C:\Program Files (x86)\Mozilla Firefox\browser\features\webcompat@mozilla.org.xpi
1491871454737	addons.xpi	DEBUG	Calling bootstrap method startup on webcompat@mozilla.org version 1.0
1491871454739	addons.manager	DEBUG	Registering shutdown blocker for XPIProvider
1491871454740	addons.manager	DEBUG	Provider finished startup: XPIProvider
1491871454740	addons.manager	DEBUG	Starting provider: LightweightThemeManager
1491871454741	addons.manager	DEBUG	Registering shutdown blocker for LightweightThemeManager
1491871454741	addons.manager	DEBUG	Provider finished startup: LightweightThemeManager
1491871454742	addons.manager	DEBUG	Starting provider: GMPProvider
1491871454752	addons.manager	DEBUG	Registering shutdown blocker for GMPProvider
1491871454752	addons.manager	DEBUG	Provider finished startup: GMPProvider
1491871454752	addons.manager	DEBUG	Starting provider: PluginProvider
1491871454753	addons.manager	DEBUG	Registering shutdown blocker for PluginProvider
1491871454753	addons.manager	DEBUG	Provider finished startup: PluginProvider
1491871454754	addons.manager	DEBUG	Completed startup sequence
1491871455470	Marionette	INFO	Listening on port 9388
1491871457023	addons.manager	DEBUG	Starting provider: <unnamed-provider>
1491871457023	addons.manager	DEBUG	Registering shutdown blocker for <unnamed-provider>
1491871457023	addons.manager	DEBUG	Provider finished startup: <unnamed-provider>
1491871457093	addons.manager	DEBUG	Starting provider: PreviousExperimentProvider
1491871457093	addons.manager	DEBUG	Registering shutdown blocker for PreviousExperimentProvider
1491871457093	addons.manager	DEBUG	Provider finished startup: PreviousExperimentProvider
1491871457097	DeferredSave.extensions.json	DEBUG	Starting write
1491871457226	Marionette	WARN	TLS certificate errors will be ignored for this session
1491871458379	DeferredSave.extensions.json	DEBUG	Write succeeded
1491871458380	addons.xpi-utils	DEBUG	XPI Database saved, setting schema version preference to 19
1491871479313	addons.xpi	DEBUG	Calling bootstrap method shutdown on webcompat@mozilla.org version 1.0
1491871479314	addons.xpi	DEBUG	Calling bootstrap method shutdown on firefox@getpocket.com version 1.0.5
1491871479315	addons.xpi	DEBUG	Calling bootstrap method shutdown on e10srollout@mozilla.org version 1.9
1491871479317	addons.xpi	DEBUG	Calling bootstrap method shutdown on deployment-checker@mozilla.org version 1.0
1491871479318	addons.xpi	DEBUG	Calling bootstrap method shutdown on aushelper@mozilla.org version 2.0
[Child 10568] WARNING: pipe error: 109: file c:/builds/moz2_slave/m-rel-w32-00000000000000000000/build/src/ipc/chromium/src/chrome/common/ipc_channel_win.cc, line 345

###!!! [Child][RunMessage] Error: Channel closing: too late to send/recv, messages will be lost

[Child 10568] WARNING: pipe error: 109: file c:/builds/moz2_slave/m-rel-w32-00000000000000000000/build/src/ipc/chromium/src/chrome/common/ipc_channel_win.cc, line 345

###!!! [Child][RunMessage] Error: Channel closing: too late to send/recv, messages will be lost


###!!! [Child][RunMessage] Error: Channel closing: too late to send/recv, messages will be lost


###!!! [Child][RunMessage] Error: Channel closing: too late to send/recv, messages will be lost


###!!! [Child][RunMessage] Error: Channel closing: too late to send/recv, messages will be lost


###!!! [Child][RunMessage] Error: Channel closing: too late to send/recv, messages will be lost


###!!! [Child][RunMessage] Error: Channel closing: too late to send/recv, messages will be lost


###!!! [Child][RunMessage] Error: Channel closing: too late to send/recv, messages will be lost


###!!! [Child][RunMessage] Error: Channel closing: too late to send/recv, messages will be lost


###!!! [Child][RunMessage] Error: Channel closing: too late to send/recv, messages will be lost


###!!! [Child][RunMessage] Error: Channel closing: too late to send/recv, messages will be lost


###!!! [Child][RunMessage] Error: Channel closing: too late to send/recv, messages will be lost


###!!! [Child][RunMessage] Error: Channel closing: too late to send/recv, messages will be lost

1491871479588	addons.manager	DEBUG	shutdown
1491871479591	addons.manager	DEBUG	Calling shutdown blocker for XPIProvider
1491871479591	addons.xpi	DEBUG	shutdown
1491871479591	addons.xpi-utils	DEBUG	shutdown
1491871479593	addons.manager	DEBUG	Calling shutdown blocker for LightweightThemeManager
1491871479594	addons.manager	DEBUG	Calling shutdown blocker for GMPProvider
1491871479598	addons.manager	DEBUG	Calling shutdown blocker for PluginProvider
1491871479599	addons.manager	DEBUG	Calling shutdown blocker for <unnamed-provider>
1491871479602	addons.manager	DEBUG	Calling shutdown blocker for PreviousExperimentProvider
1491871479607	addons.xpi	DEBUG	Notifying XPI shutdown observers
1491871479613	addons.manager	DEBUG	Async provider shutdown done
[NPAPI 13028] WARNING: pipe error: 109: file c:/builds/moz2_slave/m-rel-w32-00000000000000000000/build/src/ipc/chromium/src/chrome/common/ipc_channel_win.cc, line 345
